app/build/outputs/logs/manifest-merger-debug-report.txt
-- Merging decision tree log ---
manifest
ADDED from src/main/AndroidManifest.xml:2:1-102:12
INJECTED from src/main/AndroidManifest.xml:2:1-102:12
INJECTED from src/main/AndroidManifest.xml:2:1-102:12
INJECTED from src/main/AndroidManifest.xml:2:1-102:12
MERGED from [com.google.android.gms:play-services-maps:17.0.0] AndroidManifest.xml:17:1-38:12
MERGED from [com.google.android.gms:play-services-location:17.0.0] AndroidManifest.xml:2:1-9:12
MERGED from [de.hdodenhof:circleimageview:3.0.0] AndroidManifest.xml:2:1-11:12
MERGED from [me.spark:submitbutton:1.0.1] AndroidManifest.xml:2:1-17:12
MERGED from [com.crystal:crystalrangeseekbar:1.1.3] AndroidManifest.xml:2:1-17:12
MERGED from [com.sothree.slidinguppanel:library:3.4.0] AndroidManifest.xml:2:1-11:12
MERGED from [com.seatgeek:placesautocomplete:0.3-SNAPSHOT] AndroidManifest.xml:2:1-11:12
MERGED from [com.google.firebase:firebase-messaging:19.0.1] AndroidManifest.xml:17:1-37:12
MERGED from [io.michaelrocks:libphonenumber-android:8.10.7] AndroidManifest.xml:2:1-11:12
MERGED from [com.facebook.android:facebook-android-sdk:4.31.0] AndroidManifest.xml:21:1-31:12
MERGED from [com.google.firebase:firebase-auth:18.0.0] AndroidManifest.xml:17:1-42:12
MERGED from [androidx.constraintlayout:constraintlayout:2.0.0-beta2] AndroidManifest.xml:2:1-11:12
MERGED from [com.google.android.material:material:1.1.0-alpha07] AndroidManifest.xml:17:1-24:12
MERGED from [com.github.mmstq:Gif-ProgressBar-Android:1.0] AndroidManifest.xml:2:1-11:12
MERGED from [com.facebook.android:facebook-login:4.31.0] AndroidManifest.xml:21:1-31:12
MERGED from [com.facebook.android:facebook-share:4.31.0] AndroidManifest.xml:21:1-31:12
MERGED from [com.facebook.android:facebook-common:4.31.0] AndroidManifest.xml:21:1-36:12
MERGED from [androidx.appcompat:appcompat:1.1.0-rc01] AndroidManifest.xml:17:1-24:12
MERGED from [androidx.cardview:cardview:1.0.0] AndroidManifest.xml:17:1-22:12
MERGED from [com.google.firebase:firebase-core:17.0.0] AndroidManifest.xml:2:1-9:12
MERGED from [com.android.volley:volley:1.1.0] AndroidManifest.xml:2:1-11:12
MERGED from [androidx.multidex:multidex:2.0.0] AndroidManifest.xml:17:1-22:12
MERGED from [com.squareup.picasso:picasso:2.71828] AndroidManifest.xml:2:1-14:12
MERGED from [com.google.android.gms:play-services-flags:17.0.0] AndroidManifest.xml:17:1-22:12
MERGED from [com.google.firebase:firebase-auth-interop:18.0.0] AndroidManifest.xml:2:1-10:12
MERGED from [com.google.firebase:firebase-analytics:17.0.0] AndroidManifest.xml:2:1-9:12
MERGED from [com.google.android.gms:play-services-measurement-api:17.0.0] AndroidManifest.xml:17:1-36:12
MERGED from [com.google.firebase:firebase-iid:19.0.1] AndroidManifest.xml:17:1-47:12
MERGED from [com.google.firebase:firebase-iid-interop:17.0.0] AndroidManifest.xml:2:1-10:12
MERGED from [com.google.android.gms:play-services-base:17.0.0] AndroidManifest.xml:17:1-29:12
MERGED from [com.google.android.gms:play-services-places-placereport:17.0.0] AndroidManifest.xml:17:1-24:12
MERGED from [com.google.firebase:firebase-common:18.0.0] AndroidManifest.xml:2:1-19:12
MERGED from [com.google.android.gms:play-services-tasks:17.0.0] AndroidManifest.xml:2:1-9:12
MERGED from [com.google.firebase:firebase-measurement-connector:18.0.0] AndroidManifest.xml:17:1-25:12
MERGED from [com.google.android.gms:play-services-measurement:17.0.0] AndroidManifest.xml:17:1-55:12
MERGED from [com.google.android.gms:play-services-measurement-sdk:17.0.0] AndroidManifest.xml:17:1-25:12
MERGED from [com.google.android.gms:play-services-measurement-impl:17.0.0] AndroidManifest.xml:17:1-40:12
MERGED from [com.google.android.gms:play-services-stats:17.0.0] AndroidManifest.xml:2:1-9:12
MERGED from [com.google.android.gms:play-services-measurement-sdk-api:17.0.0] AndroidManifest.xml:17:1-40:12
MERGED from [com.google.android.gms:play-services-measurement-base:17.0.0] AndroidManifest.xml:2:1-9:12
MERGED from [com.google.android.gms:play-services-ads-identifier:17.0.0] AndroidManifest.xml:17:1-24:12
MERGED from [com.google.android.gms:play-services-basement:17.0.0] AndroidManifest.xml:17:1-28:12
MERGED from [androidx.legacy:legacy-support-v4:1.0.0] AndroidManifest.xml:17:1-22:12
MERGED from [androidx.viewpager2:viewpager2:1.0.0-alpha04] AndroidManifest.xml:17:1-22:12
MERGED from [androidx.fragment:fragment:1.1.0-rc01] AndroidManifest.xml:17:1-24:12
MERGED from [com.facebook.android:facebook-places:4.31.0] AndroidManifest.xml:21:1-31:12
MERGED from [com.facebook.android:facebook-applinks:4.31.0] AndroidManifest.xml:21:1-31:12
MERGED from [com.facebook.android:facebook-messenger:4.31.0] AndroidManifest.xml:21:1-31:12
MERGED from [com.facebook.android:facebook-core:4.31.0] AndroidManifest.xml:21:1-45:12
MERGED from [androidx.browser:browser:1.0.0] AndroidManifest.xml:17:1-22:12
MERGED from [androidx.legacy:legacy-support-core-ui:1.0.0] AndroidManifest.xml:17:1-22:12
MERGED from [androidx.legacy:legacy-support-core-utils:1.0.0] AndroidManifest.xml:17:1-22:12
MERGED from [androidx.localbroadcastmanager:localbroadcastmanager:1.0.0] AndroidManifest.xml:17:1-22:12
MERGED from [androidx.appcompat:appcompat-resources:1.1.0-rc01] AndroidManifest.xml:17:1-24:12
MERGED from [androidx.drawerlayout:drawerlayout:1.0.0] AndroidManifest.xml:17:1-22:12
MERGED from [androidx.coordinatorlayout:coordinatorlayout:1.1.0-alpha01] AndroidManifest.xml:17:1-22:12
MERGED from [androidx.transition:transition:1.0.1] AndroidManifest.xml:17:1-22:12
MERGED from [androidx.media:media:1.0.0] AndroidManifest.xml:17:1-22:12
MERGED from [androidx.viewpager:viewpager:1.0.0] AndroidManifest.xml:17:1-22:12
MERGED from [androidx.loader:loader:1.0.0] AndroidManifest.xml:17:1-22:12
MERGED from [androidx.activity:activity:1.0.0-rc01] AndroidManifest.xml:17:1-24:12
MERGED from [androidx.vectordrawable:vectordrawable-animated:1.1.0-rc01] AndroidManifest.xml:17:1-24:12
MERGED from [androidx.vectordrawable:vectordrawable:1.1.0-rc01] AndroidManifest.xml:17:1-24:12
MERGED from [androidx.slidingpanelayout:slidingpanelayout:1.0.0] AndroidManifest.xml:17:1-22:12
MERGED from [androidx.recyclerview:recyclerview:1.1.0-alpha05] AndroidManifest.xml:17:1-22:12
MERGED from [androidx.customview:customview:1.0.0] AndroidManifest.xml:17:1-22:12
MERGED from [androidx.swiperefreshlayout:swiperefreshlayout:1.0.0] AndroidManifest.xml:17:1-22:12
MERGED from [androidx.asynclayoutinflater:asynclayoutinflater:1.0.0] AndroidManifest.xml:17:1-22:12
MERGED from [androidx.core:core:1.1.0-rc01] AndroidManifest.xml:17:1-26:12
MERGED from [androidx.cursoradapter:cursoradapter:1.0.0] AndroidManifest.xml:17:1-22:12
MERGED from [androidx.exifinterface:exifinterface:1.0.0] AndroidManifest.xml:17:1-22:12
MERGED from [androidx.versionedparcelable:versionedparcelable:1.1.0-rc01] AndroidManifest.xml:17:1-27:12
MERGED from [androidx.interpolator:interpolator:1.0.0] AndroidManifest.xml:17:1-22:12
MERGED from [androidx.documentfile:documentfile:1.0.0] AndroidManifest.xml:17:1-22:12
MERGED from [androidx.print:print:1.0.0] AndroidManifest.xml:17:1-22:12
MERGED from [androidx.lifecycle:lifecycle-runtime:2.1.0-rc01] AndroidManifest.xml:17:1-22:12
MERGED from [androidx.lifecycle:lifecycle-viewmodel:2.1.0-rc01] AndroidManifest.xml:17:1-22:12
MERGED from [androidx.savedstate:savedstate:1.0.0-rc01] AndroidManifest.xml:17:1-24:12
MERGED from [androidx.lifecycle:lifecycle-livedata:2.0.0] AndroidManifest.xml:17:1-22:12
MERGED from [androidx.lifecycle:lifecycle-livedata-core:2.0.0] AndroidManifest.xml:17:1-22:12
MERGED from [androidx.arch.core:core-runtime:2.0.0] AndroidManifest.xml:17:1-22:12
MERGED from [pl.droidsonroids.gif:android-gif-drawable:1.2.10] AndroidManifest.xml:2:1-11:12
INJECTED from src/main/AndroidManifest.xml:2:1-102:12
INJECTED from src/main/AndroidManifest.xml:2:1-102:12
INJECTED from src/main/AndroidManifest.xml:2:1-102:12
	package
		ADDED from src/main/AndroidManifest.xml:4:5-32
		INJECTED from src/main/AndroidManifest.xml
		INJECTED from src/main/AndroidManifest.xml
	android:versionName
		INJECTED from src/main/AndroidManifest.xml
		ADDED from src/main/AndroidManifest.xml:2:1-102:12
		INJECTED from src/main/AndroidManifest.xml
	xmlns:tools
		ADDED from src/main/AndroidManifest.xml:3:5-51
	android:versionCode
		INJECTED from src/main/AndroidManifest.xml
		ADDED from src/main/AndroidManifest.xml:2:1-102:12
		INJECTED from src/main/AndroidManifest.xml
	xmlns:android
		ADDED from src/main/AndroidManifest.xml:2:11-69
permission#android.permission.ACCESS_FINE_LOCATION
ADDED from src/main/AndroidManifest.xml:11:5-13:47
	android:protectionLevel
		ADDED from src/main/AndroidManifest.xml:13:9-44
	android:name
		ADDED from src/main/AndroidManifest.xml:12:9-63
permission#android.permission.ACCESS_COARSE_LOCATION
ADDED from src/main/AndroidManifest.xml:15:5-17:47
	android:protectionLevel
		ADDED from src/main/AndroidManifest.xml:17:9-44
	android:name
		ADDED from src/main/AndroidManifest.xml:16:9-65
uses-permission#android.permission.INTERNET
ADDED from src/main/AndroidManifest.xml:19:5-67
MERGED from [com.google.android.gms:play-services-maps:17.0.0] AndroidManifest.xml:24:5-67
MERGED from [com.google.android.gms:play-services-maps:17.0.0] AndroidManifest.xml:24:5-67
MERGED from [com.google.android.gms:play-services-measurement-api:17.0.0] AndroidManifest.xml:22:5-67
MERGED from [com.google.android.gms:play-services-measurement-api:17.0.0] AndroidManifest.xml:22:5-67
MERGED from [com.google.firebase:firebase-iid:19.0.1] AndroidManifest.xml:23:5-67
MERGED from [com.google.firebase:firebase-iid:19.0.1] AndroidManifest.xml:23:5-67
MERGED from [com.google.android.gms:play-services-measurement:17.0.0] AndroidManifest.xml:23:5-67
MERGED from [com.google.android.gms:play-services-measurement:17.0.0] AndroidManifest.xml:23:5-67
MERGED from [com.google.android.gms:play-services-measurement-impl:17.0.0] AndroidManifest.xml:23:5-67
MERGED from [com.google.android.gms:play-services-measurement-impl:17.0.0] AndroidManifest.xml:23:5-67
MERGED from [com.google.android.gms:play-services-measurement-sdk-api:17.0.0] AndroidManifest.xml:23:5-67
MERGED from [com.google.android.gms:play-services-measurement-sdk-api:17.0.0] AndroidManifest.xml:23:5-67
	android:name
		ADDED from src/main/AndroidManifest.xml:19:22-64
uses-permission#android.permission.ACCESS_NETWORK_STATE
ADDED from src/main/AndroidManifest.xml:21:5-79
MERGED from [com.google.android.gms:play-services-maps:17.0.0] AndroidManifest.xml:23:5-79
MERGED from [com.google.android.gms:play-services-maps:17.0.0] AndroidManifest.xml:23:5-79
MERGED from [com.google.android.gms:play-services-measurement-api:17.0.0] AndroidManifest.xml:23:5-79
MERGED from [com.google.android.gms:play-services-measurement-api:17.0.0] AndroidManifest.xml:23:5-79
MERGED from [com.google.firebase:firebase-iid:19.0.1] AndroidManifest.xml:22:5-79
MERGED from [com.google.firebase:firebase-iid:19.0.1] AndroidManifest.xml:22:5-79
MERGED from [com.google.android.gms:play-services-measurement:17.0.0] AndroidManifest.xml:24:5-79
MERGED from [com.google.android.gms:play-services-measurement:17.0.0] AndroidManifest.xml:24:5-79
MERGED from [com.google.android.gms:play-services-measurement-impl:17.0.0] AndroidManifest.xml:24:5-79
MERGED from [com.google.android.gms:play-services-measurement-impl:17.0.0] AndroidManifest.xml:24:5-79
MERGED from [com.google.android.gms:play-services-measurement-sdk-api:17.0.0] AndroidManifest.xml:24:5-79
MERGED from [com.google.android.gms:play-services-measurement-sdk-api:17.0.0] AndroidManifest.xml:24:5-79
	android:name
		ADDED from src/main/AndroidManifest.xml:21:22-76
uses-permission#android.permission.WRITE_EXTERNAL_STORAGE
ADDED from src/main/AndroidManifest.xml:23:5-81
	android:name
		ADDED from src/main/AndroidManifest.xml:23:22-78
uses-permission#android.permission.ACCESS_FINE_LOCATION
ADDED from src/main/AndroidManifest.xml:25:5-79
	android:name
		ADDED from src/main/AndroidManifest.xml:25:22-76
uses-permission#android.permission.ACCESS_COARSE_LOCATION
ADDED from src/main/AndroidManifest.xml:27:5-81
	android:name
		ADDED from src/main/AndroidManifest.xml:27:22-78
application
ADDED from src/main/AndroidManifest.xml:29:5-100:19
MERGED from [com.google.android.gms:play-services-maps:17.0.0] AndroidManifest.xml:30:5-36:19
MERGED from [com.google.android.gms:play-services-maps:17.0.0] AndroidManifest.xml:30:5-36:19
MERGED from [com.google.android.gms:play-services-location:17.0.0] AndroidManifest.xml:7:5-20
MERGED from [com.google.android.gms:play-services-location:17.0.0] AndroidManifest.xml:7:5-20
MERGED from [de.hdodenhof:circleimageview:3.0.0] AndroidManifest.xml:9:5-20
MERGED from [de.hdodenhof:circleimageview:3.0.0] AndroidManifest.xml:9:5-20
MERGED from [me.spark:submitbutton:1.0.1] AndroidManifest.xml:11:5-15:19
MERGED from [me.spark:submitbutton:1.0.1] AndroidManifest.xml:11:5-15:19
MERGED from [com.crystal:crystalrangeseekbar:1.1.3] AndroidManifest.xml:11:5-15:19
MERGED from [com.crystal:crystalrangeseekbar:1.1.3] AndroidManifest.xml:11:5-15:19
MERGED from [com.sothree.slidinguppanel:library:3.4.0] AndroidManifest.xml:9:5-20
MERGED from [com.sothree.slidinguppanel:library:3.4.0] AndroidManifest.xml:9:5-20
MERGED from [com.google.firebase:firebase-messaging:19.0.1] AndroidManifest.xml:22:5-35:19
MERGED from [com.google.firebase:firebase-messaging:19.0.1] AndroidManifest.xml:22:5-35:19
MERGED from [com.facebook.android:facebook-android-sdk:4.31.0] AndroidManifest.xml:28:5-29:19
MERGED from [com.facebook.android:facebook-android-sdk:4.31.0] AndroidManifest.xml:28:5-29:19
MERGED from [com.google.firebase:firebase-auth:18.0.0] AndroidManifest.xml:23:5-40:19
MERGED from [com.google.firebase:firebase-auth:18.0.0] AndroidManifest.xml:23:5-40:19
MERGED from [androidx.constraintlayout:constraintlayout:2.0.0-beta2] AndroidManifest.xml:9:5-20
MERGED from [androidx.constraintlayout:constraintlayout:2.0.0-beta2] AndroidManifest.xml:9:5-20
MERGED from [com.google.android.material:material:1.1.0-alpha07] AndroidManifest.xml:22:5-20
MERGED from [com.google.android.material:material:1.1.0-alpha07] AndroidManifest.xml:22:5-20
MERGED from [com.facebook.android:facebook-login:4.31.0] AndroidManifest.xml:28:5-29:19
MERGED from [com.facebook.android:facebook-login:4.31.0] AndroidManifest.xml:28:5-29:19
MERGED from [com.facebook.android:facebook-share:4.31.0] AndroidManifest.xml:28:5-29:19
MERGED from [com.facebook.android:facebook-share:4.31.0] AndroidManifest.xml:28:5-29:19
MERGED from [com.facebook.android:facebook-common:4.31.0] AndroidManifest.xml:28:5-34:19
MERGED from [com.facebook.android:facebook-common:4.31.0] AndroidManifest.xml:28:5-34:19
MERGED from [com.google.firebase:firebase-core:17.0.0] AndroidManifest.xml:7:5-20
MERGED from [com.google.firebase:firebase-core:17.0.0] AndroidManifest.xml:7:5-20
MERGED from [com.android.volley:volley:1.1.0] AndroidManifest.xml:9:5-20
MERGED from [com.android.volley:volley:1.1.0] AndroidManifest.xml:9:5-20
MERGED from [com.squareup.picasso:picasso:2.71828] AndroidManifest.xml:7:5-12:19
MERGED from [com.squareup.picasso:picasso:2.71828] AndroidManifest.xml:7:5-12:19
MERGED from [com.google.firebase:firebase-auth-interop:18.0.0] AndroidManifest.xml:7:5-8:19
MERGED from [com.google.firebase:firebase-auth-interop:18.0.0] AndroidManifest.xml:7:5-8:19
MERGED from [com.google.firebase:firebase-analytics:17.0.0] AndroidManifest.xml:7:5-20
MERGED from [com.google.firebase:firebase-analytics:17.0.0] AndroidManifest.xml:7:5-20
MERGED from [com.google.android.gms:play-services-measurement-api:17.0.0] AndroidManifest.xml:26:5-34:19
MERGED from [com.google.android.gms:play-services-measurement-api:17.0.0] AndroidManifest.xml:26:5-34:19
MERGED from [com.google.firebase:firebase-iid:19.0.1] AndroidManifest.xml:28:5-45:19
MERGED from [com.google.firebase:firebase-iid:19.0.1] AndroidManifest.xml:28:5-45:19
MERGED from [com.google.firebase:firebase-iid-interop:17.0.0] AndroidManifest.xml:7:5-8:19
MERGED from [com.google.firebase:firebase-iid-interop:17.0.0] AndroidManifest.xml:7:5-8:19
MERGED from [com.google.android.gms:play-services-base:17.0.0] AndroidManifest.xml:22:5-27:19
MERGED from [com.google.android.gms:play-services-base:17.0.0] AndroidManifest.xml:22:5-27:19
MERGED from [com.google.android.gms:play-services-places-placereport:17.0.0] AndroidManifest.xml:22:5-20
MERGED from [com.google.android.gms:play-services-places-placereport:17.0.0] AndroidManifest.xml:22:5-20
MERGED from [com.google.firebase:firebase-common:18.0.0] AndroidManifest.xml:11:5-17:19
MERGED from [com.google.firebase:firebase-common:18.0.0] AndroidManifest.xml:11:5-17:19
MERGED from [com.google.android.gms:play-services-tasks:17.0.0] AndroidManifest.xml:7:5-20
MERGED from [com.google.android.gms:play-services-tasks:17.0.0] AndroidManifest.xml:7:5-20
MERGED from [com.google.firebase:firebase-measurement-connector:18.0.0] AndroidManifest.xml:22:5-23:19
MERGED from [com.google.firebase:firebase-measurement-connector:18.0.0] AndroidManifest.xml:22:5-23:19
MERGED from [com.google.android.gms:play-services-measurement:17.0.0] AndroidManifest.xml:28:5-53:19
MERGED from [com.google.android.gms:play-services-measurement:17.0.0] AndroidManifest.xml:28:5-53:19
MERGED from [com.google.android.gms:play-services-measurement-sdk:17.0.0] AndroidManifest.xml:22:5-23:19
MERGED from [com.google.android.gms:play-services-measurement-sdk:17.0.0] AndroidManifest.xml:22:5-23:19
MERGED from [com.google.android.gms:play-services-measurement-impl:17.0.0] AndroidManifest.xml:28:5-38:19
MERGED from [com.google.android.gms:play-services-measurement-impl:17.0.0] AndroidManifest.xml:28:5-38:19
MERGED from [com.google.android.gms:play-services-stats:17.0.0] AndroidManifest.xml:7:5-20
MERGED from [com.google.android.gms:play-services-stats:17.0.0] AndroidManifest.xml:7:5-20
MERGED from [com.google.android.gms:play-services-measurement-sdk-api:17.0.0] AndroidManifest.xml:28:5-38:19
MERGED from [com.google.android.gms:play-services-measurement-sdk-api:17.0.0] AndroidManifest.xml:28:5-38:19
MERGED from [com.google.android.gms:play-services-measurement-base:17.0.0] AndroidManifest.xml:7:5-20
MERGED from [com.google.android.gms:play-services-measurement-base:17.0.0] AndroidManifest.xml:7:5-20
MERGED from [com.google.android.gms:play-services-ads-identifier:17.0.0] AndroidManifest.xml:22:5-20
MERGED from [com.google.android.gms:play-services-ads-identifier:17.0.0] AndroidManifest.xml:22:5-20
MERGED from [com.google.android.gms:play-services-basement:17.0.0] AndroidManifest.xml:22:5-26:19
MERGED from [com.google.android.gms:play-services-basement:17.0.0] AndroidManifest.xml:22:5-26:19
MERGED from [com.facebook.android:facebook-places:4.31.0] AndroidManifest.xml:28:5-29:19
MERGED from [com.facebook.android:facebook-places:4.31.0] AndroidManifest.xml:28:5-29:19
MERGED from [com.facebook.android:facebook-applinks:4.31.0] AndroidManifest.xml:28:5-29:19
MERGED from [com.facebook.android:facebook-applinks:4.31.0] AndroidManifest.xml:28:5-29:19
MERGED from [com.facebook.android:facebook-messenger:4.31.0] AndroidManifest.xml:28:5-29:19
MERGED from [com.facebook.android:facebook-messenger:4.31.0] AndroidManifest.xml:28:5-29:19
MERGED from [com.facebook.android:facebook-core:4.31.0] AndroidManifest.xml:28:5-43:19
MERGED from [com.facebook.android:facebook-core:4.31.0] AndroidManifest.xml:28:5-43:19
MERGED from [androidx.core:core:1.1.0-rc01] AndroidManifest.xml:24:5-89
MERGED from [androidx.core:core:1.1.0-rc01] AndroidManifest.xml:24:5-89
MERGED from [androidx.versionedparcelable:versionedparcelable:1.1.0-rc01] AndroidManifest.xml:24:5-25:19
MERGED from [androidx.versionedparcelable:versionedparcelable:1.1.0-rc01] AndroidManifest.xml:24:5-25:19
	android:supportsRtl
		ADDED from src/main/AndroidManifest.xml:35:9-35
	android:label
		ADDED from src/main/AndroidManifest.xml:32:9-41
	android:appComponentFactory
		ADDED from src/main/AndroidManifest.xml:37:9-45
		REJECTED from [androidx.core:core:1.1.0-rc01] AndroidManifest.xml:24:18-86
	tools:ignore
		ADDED from src/main/AndroidManifest.xml:38:9-48
	android:roundIcon
		ADDED from src/main/AndroidManifest.xml:34:9-45
	tools:targetApi
		ADDED from src/main/AndroidManifest.xml:40:9-28
	android:icon
		ADDED from src/main/AndroidManifest.xml:31:9-40
	android:allowBackup
		ADDED from src/main/AndroidManifest.xml:30:9-35
	android:theme
		ADDED from src/main/AndroidManifest.xml:36:9-40
	android:networkSecurityConfig
		ADDED from src/main/AndroidManifest.xml:33:9-69
	tools:replace
		ADDED from src/main/AndroidManifest.xml:39:9-52
activity#com.onewayit.veki.activities.SplashScreen
ADDED from src/main/AndroidManifest.xml:50:9-56:20
	android:name
		ADDED from src/main/AndroidManifest.xml:50:19-58
intent-filter#action:name:android.intent.action.MAIN+category:name:android.intent.category.LAUNCHER
ADDED from src/main/AndroidManifest.xml:51:13-55:29
action#android.intent.action.MAIN
ADDED from src/main/AndroidManifest.xml:52:17-69
	android:name
		ADDED from src/main/AndroidManifest.xml:52:25-66
category#android.intent.category.LAUNCHER
ADDED from src/main/AndroidManifest.xml:54:17-77
	android:name
		ADDED from src/main/AndroidManifest.xml:54:27-74
meta-data#com.google.android.geo.API_KEY
ADDED from src/main/AndroidManifest.xml:59:9-61:71
	android:value
		ADDED from src/main/AndroidManifest.xml:61:13-68
	android:name
		ADDED from src/main/AndroidManifest.xml:60:13-58
meta-data#com.facebook.sdk.ApplicationId
ADDED from src/main/AndroidManifest.xml:62:9-64:55
	android:value
		ADDED from src/main/AndroidManifest.xml:64:13-52
	android:name
		ADDED from src/main/AndroidManifest.xml:63:13-58
activity#com.facebook.FacebookActivity
ADDED from src/main/AndroidManifest.xml:66:9-69:48
MERGED from [com.facebook.android:facebook-common:4.31.0] AndroidManifest.xml:29:9-32:66
MERGED from [com.facebook.android:facebook-common:4.31.0] AndroidManifest.xml:29:9-32:66
	android:label
		ADDED from src/main/AndroidManifest.xml:69:13-45
	android:configChanges
		ADDED from src/main/AndroidManifest.xml:68:13-96
	android:theme
		ADDED from [com.facebook.android:facebook-common:4.31.0] AndroidManifest.xml:32:13-63
	android:name
		ADDED from src/main/AndroidManifest.xml:67:13-57
activity#com.onewayit.veki.activities.MapsActivity
ADDED from src/main/AndroidManifest.xml:71:9-77:20
	android:label
		ADDED from src/main/AndroidManifest.xml:73:13-56
	android:windowSoftInputMode
		ADDED from src/main/AndroidManifest.xml:75:13-52
	android:theme
		ADDED from src/main/AndroidManifest.xml:74:13-44
	android:name
		ADDED from src/main/AndroidManifest.xml:72:13-52
activity#com.onewayit.veki.activities.HomeActivity
ADDED from src/main/AndroidManifest.xml:78:9-61
	android:name
		ADDED from src/main/AndroidManifest.xml:78:19-58
activity#com.onewayit.veki.activities.LoginActivity
ADDED from src/main/AndroidManifest.xml:79:9-62
	android:name
		ADDED from src/main/AndroidManifest.xml:79:19-59
activity#com.onewayit.veki.activities.MarkerDragActivity
ADDED from src/main/AndroidManifest.xml:80:9-67
	android:name
		ADDED from src/main/AndroidManifest.xml:80:19-64
service#com.onewayit.veki.utilities.MyFirebaseMessagingService
ADDED from src/main/AndroidManifest.xml:82:9-87:19
	android:name
		ADDED from src/main/AndroidManifest.xml:83:13-65
intent-filter#action:name:com.google.firebase.MESSAGING_EVENT
ADDED from src/main/AndroidManifest.xml:84:13-86:29
action#com.google.firebase.MESSAGING_EVENT
ADDED from src/main/AndroidManifest.xml:85:17-78
	android:name
		ADDED from src/main/AndroidManifest.xml:85:25-75
meta-data#com.google.firebase.messaging.default_notification_icon
ADDED from src/main/AndroidManifest.xml:90:9-92:54
	android:resource
		ADDED from src/main/AndroidManifest.xml:92:13-51
	android:name
		ADDED from src/main/AndroidManifest.xml:91:13-83
meta-data#com.google.firebase.messaging.default_notification_color
ADDED from src/main/AndroidManifest.xml:95:9-97:53
	android:resource
		ADDED from src/main/AndroidManifest.xml:97:13-50
	android:name
		ADDED from src/main/AndroidManifest.xml:96:13-84
uses-sdk
INJECTED from src/main/AndroidManifest.xml reason: use-sdk injection requested
INJECTED from src/main/AndroidManifest.xml
INJECTED from src/main/AndroidManifest.xml
MERGED from [com.google.android.gms:play-services-maps:17.0.0] AndroidManifest.xml:20:5-44
MERGED from [com.google.android.gms:play-services-maps:17.0.0] AndroidManifest.xml:20:5-44
MERGED from [com.google.android.gms:play-services-location:17.0.0] AndroidManifest.xml:5:5-44
MERGED from [com.google.android.gms:play-services-location:17.0.0] AndroidManifest.xml:5:5-44
MERGED from [de.hdodenhof:circleimageview:3.0.0] AndroidManifest.xml:5:5-7:41
MERGED from [de.hdodenhof:circleimageview:3.0.0] AndroidManifest.xml:5:5-7:41
MERGED from [me.spark:submitbutton:1.0.1] AndroidManifest.xml:7:5-9:41
MERGED from [me.spark:submitbutton:1.0.1] AndroidManifest.xml:7:5-9:41
MERGED from [com.crystal:crystalrangeseekbar:1.1.3] AndroidManifest.xml:7:5-9:41
MERGED from [com.crystal:crystalrangeseekbar:1.1.3] AndroidManifest.xml:7:5-9:41
MERGED from [com.sothree.slidinguppanel:library:3.4.0] AndroidManifest.xml:7:5-44
MERGED from [com.sothree.slidinguppanel:library:3.4.0] AndroidManifest.xml:7:5-44
MERGED from [com.seatgeek:placesautocomplete:0.3-SNAPSHOT] AndroidManifest.xml:7:5-9:41
MERGED from [com.seatgeek:placesautocomplete:0.3-SNAPSHOT] AndroidManifest.xml:7:5-9:41
MERGED from [com.google.firebase:firebase-messaging:19.0.1] AndroidManifest.xml:20:5-44
MERGED from [com.google.firebase:firebase-messaging:19.0.1] AndroidManifest.xml:20:5-44
MERGED from [io.michaelrocks:libphonenumber-android:8.10.7] AndroidManifest.xml:7:5-9:41
MERGED from [io.michaelrocks:libphonenumber-android:8.10.7] AndroidManifest.xml:7:5-9:41
MERGED from [com.facebook.android:facebook-android-sdk:4.31.0] AndroidManifest.xml:24:5-26:41
MERGED from [com.facebook.android:facebook-android-sdk:4.31.0] AndroidManifest.xml:24:5-26:41
MERGED from [com.google.firebase:firebase-auth:18.0.0] AndroidManifest.xml:21:5-44
MERGED from [com.google.firebase:firebase-auth:18.0.0] AndroidManifest.xml:21:5-44
MERGED from [androidx.constraintlayout:constraintlayout:2.0.0-beta2] AndroidManifest.xml:5:5-7:41
MERGED from [androidx.constraintlayout:constraintlayout:2.0.0-beta2] AndroidManifest.xml:5:5-7:41
MERGED from [com.google.android.material:material:1.1.0-alpha07] AndroidManifest.xml:20:5-44
MERGED from [com.google.android.material:material:1.1.0-alpha07] AndroidManifest.xml:20:5-44
MERGED from [com.github.mmstq:Gif-ProgressBar-Android:1.0] AndroidManifest.xml:7:5-9:41
MERGED from [com.github.mmstq:Gif-ProgressBar-Android:1.0] AndroidManifest.xml:7:5-9:41
MERGED from [com.facebook.android:facebook-login:4.31.0] AndroidManifest.xml:24:5-26:41
MERGED from [com.facebook.android:facebook-login:4.31.0] AndroidManifest.xml:24:5-26:41
MERGED from [com.facebook.android:facebook-share:4.31.0] AndroidManifest.xml:24:5-26:41
MERGED from [com.facebook.android:facebook-share:4.31.0] AndroidManifest.xml:24:5-26:41
MERGED from [com.facebook.android:facebook-common:4.31.0] AndroidManifest.xml:24:5-26:41
MERGED from [com.facebook.android:facebook-common:4.31.0] AndroidManifest.xml:24:5-26:41
MERGED from [androidx.appcompat:appcompat:1.1.0-rc01] AndroidManifest.xml:20:5-22:41
MERGED from [androidx.appcompat:appcompat:1.1.0-rc01] AndroidManifest.xml:20:5-22:41
MERGED from [androidx.cardview:cardview:1.0.0] AndroidManifest.xml:20:5-44
MERGED from [androidx.cardview:cardview:1.0.0] AndroidManifest.xml:20:5-44
MERGED from [com.google.firebase:firebase-core:17.0.0] AndroidManifest.xml:5:5-44
MERGED from [com.google.firebase:firebase-core:17.0.0] AndroidManifest.xml:5:5-44
MERGED from [com.android.volley:volley:1.1.0] AndroidManifest.xml:7:5-43
MERGED from [com.android.volley:volley:1.1.0] AndroidManifest.xml:7:5-43
MERGED from [androidx.multidex:multidex:2.0.0] AndroidManifest.xml:20:5-43
MERGED from [androidx.multidex:multidex:2.0.0] AndroidManifest.xml:20:5-43
MERGED from [com.squareup.picasso:picasso:2.71828] AndroidManifest.xml:5:5-44
MERGED from [com.squareup.picasso:picasso:2.71828] AndroidManifest.xml:5:5-44
MERGED from [com.google.android.gms:play-services-flags:17.0.0] AndroidManifest.xml:20:5-44
MERGED from [com.google.android.gms:play-services-flags:17.0.0] AndroidManifest.xml:20:5-44
MERGED from [com.google.firebase:firebase-auth-interop:18.0.0] AndroidManifest.xml:5:5-44
MERGED from [com.google.firebase:firebase-auth-interop:18.0.0] AndroidManifest.xml:5:5-44
MERGED from [com.google.firebase:firebase-analytics:17.0.0] AndroidManifest.xml:5:5-44
MERGED from [com.google.firebase:firebase-analytics:17.0.0] AndroidManifest.xml:5:5-44
MERGED from [com.google.android.gms:play-services-measurement-api:17.0.0] AndroidManifest.xml:20:5-44
MERGED from [com.google.android.gms:play-services-measurement-api:17.0.0] AndroidManifest.xml:20:5-44
MERGED from [com.google.firebase:firebase-iid:19.0.1] AndroidManifest.xml:20:5-44
MERGED from [com.google.firebase:firebase-iid:19.0.1] AndroidManifest.xml:20:5-44
MERGED from [com.google.firebase:firebase-iid-interop:17.0.0] AndroidManifest.xml:5:5-44
MERGED from [com.google.firebase:firebase-iid-interop:17.0.0] AndroidManifest.xml:5:5-44
MERGED from [com.google.android.gms:play-services-base:17.0.0] AndroidManifest.xml:20:5-44
MERGED from [com.google.android.gms:play-services-base:17.0.0] AndroidManifest.xml:20:5-44
MERGED from [com.google.android.gms:play-services-places-placereport:17.0.0] AndroidManifest.xml:20:5-44
MERGED from [com.google.android.gms:play-services-places-placereport:17.0.0] AndroidManifest.xml:20:5-44
MERGED from [com.google.firebase:firebase-common:18.0.0] AndroidManifest.xml:6:5-8:41
MERGED from [com.google.firebase:firebase-common:18.0.0] AndroidManifest.xml:6:5-8:41
MERGED from [com.google.android.gms:play-services-tasks:17.0.0] AndroidManifest.xml:5:5-44
MERGED from [com.google.android.gms:play-services-tasks:17.0.0] AndroidManifest.xml:5:5-44
MERGED from [com.google.firebase:firebase-measurement-connector:18.0.0] AndroidManifest.xml:20:5-44